
Showing Recent Errors Only

Build target Mustard of project Mustard with configuration Debug

SwiftCompile normal arm64 Compiling\ LocationService.swift,\ PostActionService.swift,\ AppError.swift,\ ProfileService.swift,\ SearchService.swift,\ StatusData.swift,\ TimelineService.swift /Users/for_work/Library/Mobile\ Documents/com~apple~CloudDocs/Developer/SwiftUI/Mustard/Services/Backend/LocationService.swift /Users/for_work/Library/Mobile\ Documents/com~apple~CloudDocs/Developer/SwiftUI/Mustard/Services/Backend/PostActionService.swift /Users/for_work/Library/Mobile\ Documents/com~apple~CloudDocs/Developer/SwiftUI/Mustard/Services/DTOs/AppError.swift /Users/for_work/Library/Mobile\ Documents/com~apple~CloudDocs/Developer/SwiftUI/Mustard/Services/Backend/ProfileService.swift /Users/for_work/Library/Mobile\ Documents/com~apple~CloudDocs/Developer/SwiftUI/Mustard/Services/Backend/SearchService.swift /Users/for_work/Library/Mobile\ Documents/com~apple~CloudDocs/Developer/SwiftUI/Mustard/Services/DTOs/StatusData.swift /Users/for_work/Library/Mobile\ Documents/com~apple~CloudDocs/Developer/SwiftUI/Mustard/Services/Backend/TimelineService.swift (in target 'Mustard' from project 'Mustard')

Failed frontend command:
/Applications/Xcode.app/Contents/Developer/Toolchains/XcodeDefault.xctoolchain/usr/bin/swift-frontend -frontend -c /Users/for_work/Library/Mobile\ Documents/com\~apple\~CloudDocs/Developer/SwiftUI/Mustard/Models/User.swift /Users/for_work/Library/Mobile\ Documents/com\~apple\~CloudDocs/Developer/SwiftUI/Mustard/Utilities/AttributedTextView.swift /Users/for_work/Library/Mobile\ Documents/com\~apple\~CloudDocs/Developer/SwiftUI/Mustard/Effects/InterestHighlightViewModifier.swift /Users/for_work/Library/Mobile\ Documents/com\~apple\~CloudDocs/Developer/SwiftUI/Mustard/Effects/GlowEffect.swift /Users/for_work/Library/Mobile\ Documents/com\~apple\~CloudDocs/Developer/SwiftUI/Mustard/Utilities/UtilityComponents.swift /Users/for_work/Library/Mobile\ Documents/com\~apple\~CloudDocs/Developer/SwiftUI/Mustard/Utilities/BasicComponents.swift /Users/for_work/Library/Mobile\ Documents/com\~apple\~CloudDocs/Developer/SwiftUI/Mustard/Utilities/WebView.swift /Users/for_work/Library/Mobile\ Documents/com\~apple\~CloudDocs/Developer/SwiftUI/Mustard/Utilities/MediaComponents.swift /Users/for_work/Library/Mobile\ Documents/com\~apple\~CloudDocs/Developer/SwiftUI/Mustard/Models/Config.swift /Users/for_work/Library/Mobile\ Documents/com\~apple\~CloudDocs/Developer/SwiftUI/Mustard/Models/ServerModel.swift /Users/for_work/Library/Mobile\ Documents/com\~apple\~CloudDocs/Developer/SwiftUI/Mustard/Models/InstanceModel.swift /Users/for_work/Library/Mobile\ Documents/com\~apple\~CloudDocs/Developer/SwiftUI/Mustard/Utilities/HTMLUtils.swift /Users/for_work/Library/Mobile\ Documents/com\~apple\~CloudDocs/Developer/SwiftUI/Mustard/Utilities/AccountRow.swift /Users/for_work/Library/Mobile\ Documents/com\~apple\~CloudDocs/Developer/SwiftUI/Mustard/Utilities/CustomDivider.swift /Users/for_work/Library/Mobile\ Documents/com\~apple\~CloudDocs/Developer/SwiftUI/Mustard/Models/Account.swift /Users/for_work/Library/Mobile\ Documents/com\~apple\~CloudDocs/Developer/SwiftUI/Mustard/Views/CustomViews/TimelineContentView.swift /Users/for_work/Library/Mobile\ Documents/com\~apple\~CloudDocs/Developer/SwiftUI/Mustard/Views/CustomViews/TimelineScreen.swift /Users/for_work/Library/Mobile\ Documents/com\~apple\~CloudDocs/Developer/SwiftUI/Mustard/Views/Search/Components/PostRow/PostActionsView.swift /Users/for_work/Library/Mobile\ Documents/com\~apple\~CloudDocs/Developer/SwiftUI/Mustard/Mustard/Item.swift /Users/for_work/Library/Mobile\ Documents/com\~apple\~CloudDocs/Developer/SwiftUI/Mustard/Mustard/MustardApp.swift /Users/for_work/Library/Mobile\ Documents/com\~apple\~CloudDocs/Developer/SwiftUI/Mustard/Mustard/RateLimiter.swift /Users/for_work/Library/Mobile\ Documents/com\~apple\~CloudDocs/Developer/SwiftUI/Mustard/Views/Search/Components/SearchBar.swift /Users/for_work/Library/Mobile\ Documents/com\~apple\~CloudDocs/Developer/SwiftUI/Mustard/Views/Search/HashtagAnalyticsView.swift /Users/for_work/Library/Mobile\ Documents/com\~apple\~CloudDocs/Developer/SwiftUI/Mustard/Views/Search/PostDetailView.swift /Users/for_work/Library/Mobile\ Documents/com\~apple\~CloudDocs/Developer/SwiftUI/Mustard/ViewModels/AuthenticationViewModel.swift /Users/for_work/Library/Mobile\ Documents/com\~apple\~CloudDocs/Developer/SwiftUI/Mustard/ViewModels/HashtagViewModel.swift /Users/for_work/Library/Mobile\ Documents/com\~apple\~CloudDocs/Developer/SwiftUI/Mustard/ViewModels/KeychainHelper.swift /Users/for_work/Library/Mobile\ Documents/com\~apple\~CloudDocs/Developer/SwiftUI/Mustard/ViewModels/ProfileViewModel.swift /Users/for_work/Library/Mobile\ Documents/com\~apple\~CloudDocs/Developer/SwiftUI/Mustard/Services/Backend/AppServices.swift /Users/for_work/Library/Mobile\ Documents/com\~apple\~CloudDocs/Developer/SwiftUI/Mustard/Services/Backend/AuthenticationService.swift /Users/for_work/Library/Mobile\ Documents/com\~apple\~CloudDocs/Developer/SwiftUI/Mustard/Services/Backend/CacheService.swift /Users/for_work/Library/Mobile\ Documents/com\~apple\~CloudDocs/Developer/SwiftUI/Mustard/Services/Backend/InstanceService.swift -primary-file /Users/for_work/Library/Mobile\ Documents/com\~apple\~CloudDocs/Developer/SwiftUI/Mustard/Services/Backend/LocationService.swift -primary-file /Users/for_work/Library/Mobile\ Documents/com\~apple\~CloudDocs/Developer/SwiftUI/Mustard/Services/Backend/PostActionService.swift -primary-file /Users/for_work/Library/Mobile\ Documents/com\~apple\~CloudDocs/Developer/SwiftUI/Mustard/Services/DTOs/AppError.swift -primary-file /Users/for_work/Library/Mobile\ Documents/com\~apple\~CloudDocs/Developer/SwiftUI/Mustard/Services/Backend/ProfileService.swift -primary-file /Users/for_work/Library/Mobile\ Documents/com\~apple\~CloudDocs/Developer/SwiftUI/Mustard/Services/Backend/SearchService.swift -primary-file /Users/for_work/Library/Mobile\ Documents/com\~apple\~CloudDocs/Developer/SwiftUI/Mustard/Services/DTOs/StatusData.swift -primary-file /Users/for_work/Library/Mobile\ Documents/com\~apple\~CloudDocs/Developer/SwiftUI/Mustard/Services/Backend/TimelineService.swift /Users/for_work/Library/Mobile\ Documents/com\~apple\~CloudDocs/Developer/SwiftUI/Mustard/Services/Backend/TrendingService.swift /Users/for_work/Library/Mobile\ Documents/com\~apple\~CloudDocs/Developer/SwiftUI/Mustard/Services/Protocols/PostActionServiceProtocol.swift /Users/for_work/Library/Mobile\ Documents/com\~apple\~CloudDocs/Developer/SwiftUI/Mustard/Services/Protocols/TimelineServiceProtocol.swift /Users/for_work/Library/Mobile\ Documents/com\~apple\~CloudDocs/Developer/SwiftUI/Mustard/Services/RecommendationService.swift /Users/for_work/Library/Mobile\ Documents/com\~apple\~CloudDocs/Developer/SwiftUI/Mustard/Services/Backend/NetworkService/MastodonAPIService.swift /Users/for_work/Library/Mobile\ Documents/com\~apple\~CloudDocs/Developer/SwiftUI/Mustard/Services/Backend/NetworkService/NetworkSessionManager.swift /Users/for_work/Library/Mobile\ Documents/com\~apple\~CloudDocs/Developer/SwiftUI/Mustard/ViewModels/RecommendedTimelineViewModel.swift /Users/for_work/Library/Mobile\ Documents/com\~apple\~CloudDocs/Developer/SwiftUI/Mustard/ViewModels/SearchViewModel.swift /Users/for_work/Library/Mobile\ Documents/com\~apple\~CloudDocs/Developer/SwiftUI/Mustard/ViewModels/TimelineViewModel.swift /Users/for_work/Library/Mobile\ Documents/com\~apple\~CloudDocs/Developer/SwiftUI/Mustard/Views/Search/SearchView.swift /Users/for_work/Library/Mobile\ Documents/com\~apple\~CloudDocs/Developer/SwiftUI/Mustard/Views/LoginView.swift /Users/for_work/Library/Mobile\ Documents/com\~apple\~CloudDocs/Developer/SwiftUI/Mustard/Views/MainAppView.swift /Users/for_work/Library/Mobile\ Documents/com\~apple\~CloudDocs/Developer/SwiftUI/Mustard/Views/PostView.swift /Users/for_work/Library/Mobile\ Documents/com\~apple\~CloudDocs/Developer/SwiftUI/Mustard/Views/ProfileView.swift /Users/for_work/Library/Mobile\ Documents/com\~apple\~CloudDocs/Developer/SwiftUI/Mustard/Views/RecommendedTimelineView.swift /Users/for_work/Library/Mobile\ Documents/com\~apple\~CloudDocs/Developer/SwiftUI/Mustard/Views/ServerListView.swift /Users/for_work/Library/Mobile\ Documents/com\~apple\~CloudDocs/Developer/SwiftUI/Mustard/Views/SettingsView.swift /Users/for_work/Library/Mobile\ Documents/com\~apple\~CloudDocs/Developer/SwiftUI/Mustard/Utilities/SwiftSoupUtils.swift /Users/for_work/Library/Mobile\ Documents/com\~apple\~CloudDocs/Developer/SwiftUI/Mustard/Models/MediaAttachment.swift /Users/for_work/Library/Mobile\ Documents/com\~apple\~CloudDocs/Developer/SwiftUI/Mustard/Models/Post.swift /Users/for_work/Library/Developer/Xcode/DerivedData/Mustard-bqqjfryqonmyclguzwnypxluzvdv/Build/Intermediates.noindex/Mustard.build/Debug-iphoneos/Mustard.build/DerivedSources/GeneratedAssetSymbols.swift -supplementary-output-file-map /Users/for_work/Library/Developer/Xcode/DerivedData/Mustard-bqqjfryqonmyclguzwnypxluzvdv/Build/Intermediates.noindex/Mustard.build/Debug-iphoneos/Mustard.build/Objects-normal/arm64/supplementaryOutputs-21 -emit-localized-strings -emit-localized-strings-path /Users/for_work/Library/Developer/Xcode/DerivedData/Mustard-bqqjfryqonmyclguzwnypxluzvdv/Build/Intermediates.noindex/Mustard.build/Debug-iphoneos/Mustard.build/Objects-normal/arm64 -target arm64-apple-ios18.0 -Xllvm -aarch64-use-tbi -enable-objc-interop -stack-check -sdk /Applications/Xcode.app/Contents/Developer/Platforms/iPhoneOS.platform/Developer/SDKs/iPhoneOS18.4.sdk -I /Users/for_work/Library/Developer/Xcode/DerivedData/Mustard-bqqjfryqonmyclguzwnypxluzvdv/Build/Products/Debug-iphoneos -F /Users/for_work/Library/Developer/Xcode/DerivedData/Mustard-bqqjfryqonmyclguzwnypxluzvdv/Build/Products/Debug-iphoneos/PackageFrameworks -F /Users/for_work/Library/Developer/Xcode/DerivedData/Mustard-bqqjfryqonmyclguzwnypxluzvdv/Build/Products/Debug-iphoneos -no-color-diagnostics -enable-testing -g -debug-info-format\=dwarf -dwarf-version\=5 -module-cache-path /Users/for_work/Library/Developer/Xcode/DerivedData/ModuleCache.noindex -swift-version 5 -enforce-exclusivity\=checked -Onone -D DEBUG -serialize-debugging-options -const-gather-protocols-file /Users/for_work/Library/Developer/Xcode/DerivedData/Mustard-bqqjfryqonmyclguzwnypxluzvdv/Build/Intermediates.noindex/Mustard.build/Debug-iphoneos/Mustard.build/Objects-normal/arm64/Mustard_const_extract_protocols.json -enable-experimental-feature DebugDescriptionMacro -enable-bare-slash-regex -empty-abi-descriptor -validate-clang-modules-once -clang-build-session-file /Users/for_work/Library/Developer/Xcode/DerivedData/ModuleCache.noindex/Session.modulevalidation -Xcc -working-directory -Xcc /Users/for_work/Library/Mobile\ Documents/com\~apple\~CloudDocs/Developer/SwiftUI/Mustard -resource-dir /Applications/Xcode.app/Contents/Developer/Toolchains/XcodeDefault.xctoolchain/usr/lib/swift -enable-anonymous-context-mangled-names -file-compilation-dir /Users/for_work/Library/Mobile\ Documents/com\~apple\~CloudDocs/Developer/SwiftUI/Mustard -Xcc -ivfsstatcache -Xcc /Users/for_work/Library/Developer/Xcode/DerivedData/SDKStatCaches.noindex/iphoneos18.4-22E235-a09501eccf75f892bc376f81961b27ba.sdkstatcache -Xcc -I/Users/for_work/Library/Developer/Xcode/DerivedData/Mustard-bqqjfryqonmyclguzwnypxluzvdv/Build/Intermediates.noindex/Mustard.build/Debug-iphoneos/Mustard.build/swift-overrides.hmap -Xcc -iquote -Xcc /Users/for_work/Library/Developer/Xcode/DerivedData/Mustard-bqqjfryqonmyclguzwnypxluzvdv/Build/Intermediates.noindex/Mustard.build/Debug-iphoneos/Mustard.build/Mustard-generated-files.hmap -Xcc -I/Users/for_work/Library/Developer/Xcode/DerivedData/Mustard-bqqjfryqonmyclguzwnypxluzvdv/Build/Intermediates.noindex/Mustard.build/Debug-iphoneos/Mustard.build/Mustard-own-target-headers.hmap -Xcc -I/Users/for_work/Library/Developer/Xcode/DerivedData/Mustard-bqqjfryqonmyclguzwnypxluzvdv/Build/Intermediates.noindex/Mustard.build/Debug-iphoneos/Mustard.build/Mustard-all-non-framework-target-headers.hmap -Xcc -ivfsoverlay -Xcc /Users/for_work/Library/Developer/Xcode/DerivedData/Mustard-bqqjfryqonmyclguzwnypxluzvdv/Build/Intermediates.noindex/Mustard.build/Debug-iphoneos/Mustard-e11daa5c0a5bb12652b15cab2ede3a78-VFS-iphoneos/all-product-headers.yaml -Xcc -iquote -Xcc /Users/for_work/Library/Developer/Xcode/DerivedData/Mustard-bqqjfryqonmyclguzwnypxluzvdv/Build/Intermediates.noindex/Mustard.build/Debug-iphoneos/Mustard.build/Mustard-project-headers.hmap -Xcc -I/Users/for_work/Library/Developer/Xcode/DerivedData/Mustard-bqqjfryqonmyclguzwnypxluzvdv/Build/Products/Debug-iphoneos/include -Xcc -I/Users/for_work/Library/Developer/Xcode/DerivedData/Mustard-bqqjfryqonmyclguzwnypxluzvdv/Build/Intermediates.noindex/Mustard.build/Debug-iphoneos/Mustard.build/DerivedSources-normal/arm64 -Xcc -I/Users/for_work/Library/Developer/Xcode/DerivedData/Mustard-bqqjfryqonmyclguzwnypxluzvdv/Build/Intermediates.noindex/Mustard.build/Debug-iphoneos/Mustard.build/DerivedSources/arm64 -Xcc -I/Users/for_work/Library/Developer/Xcode/DerivedData/Mustard-bqqjfryqonmyclguzwnypxluzvdv/Build/Intermediates.noindex/Mustard.build/Debug-iphoneos/Mustard.build/DerivedSources -Xcc -DDEBUG\=1 -module-name Mustard -frontend-parseable-output -disable-clang-spi -target-sdk-version 18.4 -target-sdk-name iphoneos18.4 -external-plugin-path /Applications/Xcode.app/Contents/Developer/Platforms/iPhoneOS.platform/Developer/usr/lib/swift/host/plugins\#/Applications/Xcode.app/Contents/Developer/Platforms/iPhoneOS.platform/Developer/usr/bin/swift-plugin-server -external-plugin-path /Applications/Xcode.app/Contents/Developer/Platforms/iPhoneOS.platform/Developer/usr/local/lib/swift/host/plugins\#/Applications/Xcode.app/Contents/Developer/Platforms/iPhoneOS.platform/Developer/usr/bin/swift-plugin-server -in-process-plugin-server-path /Applications/Xcode.app/Contents/Developer/Toolchains/XcodeDefault.xctoolchain/usr/lib/swift/host/libSwiftInProcPluginServer.dylib -plugin-path /Applications/Xcode.app/Contents/Developer/Toolchains/XcodeDefault.xctoolchain/usr/lib/swift/host/plugins -plugin-path /Applications/Xcode.app/Contents/Developer/Toolchains/XcodeDefault.xctoolchain/usr/local/lib/swift/host/plugins -o /Users/for_work/Library/Developer/Xcode/DerivedData/Mustard-bqqjfryqonmyclguzwnypxluzvdv/Build/Intermediates.noindex/Mustard.build/Debug-iphoneos/Mustard.build/Objects-normal/arm64/LocationService.o -o /Users/for_work/Library/Developer/Xcode/DerivedData/Mustard-bqqjfryqonmyclguzwnypxluzvdv/Build/Intermediates.noindex/Mustard.build/Debug-iphoneos/Mustard.build/Objects-normal/arm64/PostActionService.o -o /Users/for_work/Library/Developer/Xcode/DerivedData/Mustard-bqqjfryqonmyclguzwnypxluzvdv/Build/Intermediates.noindex/Mustard.build/Debug-iphoneos/Mustard.build/Objects-normal/arm64/AppError.o -o /Users/for_work/Library/Developer/Xcode/DerivedData/Mustard-bqqjfryqonmyclguzwnypxluzvdv/Build/Intermediates.noindex/Mustard.build/Debug-iphoneos/Mustard.build/Objects-normal/arm64/ProfileService.o -o /Users/for_work/Library/Developer/Xcode/DerivedData/Mustard-bqqjfryqonmyclguzwnypxluzvdv/Build/Intermediates.noindex/Mustard.build/Debug-iphoneos/Mustard.build/Objects-normal/arm64/SearchService.o -o /Users/for_work/Library/Developer/Xcode/DerivedData/Mustard-bqqjfryqonmyclguzwnypxluzvdv/Build/Intermediates.noindex/Mustard.build/Debug-iphoneos/Mustard.build/Objects-normal/arm64/StatusData.o -o /Users/for_work/Library/Developer/Xcode/DerivedData/Mustard-bqqjfryqonmyclguzwnypxluzvdv/Build/Intermediates.noindex/Mustard.build/Debug-iphoneos/Mustard.build/Objects-normal/arm64/TimelineService.o -index-unit-output-path /Mustard.build/Debug-iphoneos/Mustard.build/Objects-normal/arm64/LocationService.o -index-unit-output-path /Mustard.build/Debug-iphoneos/Mustard.build/Objects-normal/arm64/PostActionService.o -index-unit-output-path /Mustard.build/Debug-iphoneos/Mustard.build/Objects-normal/arm64/AppError.o -index-unit-output-path /Mustard.build/Debug-iphoneos/Mustard.build/Objects-normal/arm64/ProfileService.o -index-unit-output-path /Mustard.build/Debug-iphoneos/Mustard.build/Objects-normal/arm64/SearchService.o -index-unit-output-path /Mustard.build/Debug-iphoneos/Mustard.build/Objects-normal/arm64/StatusData.o -index-unit-output-path /Mustard.build/Debug-iphoneos/Mustard.build/Objects-normal/arm64/TimelineService.o -index-store-path /Users/for_work/Library/Developer/Xcode/DerivedData/Mustard-bqqjfryqonmyclguzwnypxluzvdv/Index.noindex/DataStore -index-system-modules

SwiftCompile normal arm64 /Users/for_work/Library/Mobile\ Documents/com~apple~CloudDocs/Developer/SwiftUI/Mustard/Services/Backend/SearchService.swift (in target 'Mustard' from project 'Mustard')
    cd /Users/for_work/Library/Mobile\ Documents/com\~apple\~CloudDocs/Developer/SwiftUI/Mustard
    

/Users/for_work/Library/Mobile Documents/com~apple~CloudDocs/Developer/SwiftUI/Mustard/Services/Backend/SearchService.swift:48:17: error: argument 'limit' must precede argument 'resolve'
                limit: limit
~~~~~~~~~~~~~~~~^~~~~~~~~~~~
/Users/for_work/Library/Mobile Documents/com~apple~CloudDocs/Developer/SwiftUI/Mustard/Services/Backend/SearchService.swift:57:28: error: type 'AppError' has no member 'network'
            throw AppError.network(type: .unexpected, description: error.localizedDescription)
                  ~~~~~~~~ ^~~~~~~
/Users/for_work/Library/Mobile Documents/com~apple~CloudDocs/Developer/SwiftUI/Mustard/Services/Backend/SearchService.swift:57:43: error: cannot infer contextual base in reference to member 'unexpected'
            throw AppError.network(type: .unexpected, description: error.localizedDescription)
                                         ~^~~~~~~~~~
/Users/for_work/Library/Mobile Documents/com~apple~CloudDocs/Developer/SwiftUI/Mustard/Services/Backend/SearchService.swift:65:78: error: argument passed to call that takes no arguments
            let tags = try await mastodonAPIService.fetchTrendingTags(limit: limit)
                                                                     ~~~~~~~~^~~~~~
/Users/for_work/Library/Mobile Documents/com~apple~CloudDocs/Developer/SwiftUI/Mustard/Services/Backend/SearchService.swift:73:28: error: type 'AppError' has no member 'network'
            throw AppError.network(type: .unexpected, description: error.localizedDescription)
                  ~~~~~~~~ ^~~~~~~
/Users/for_work/Library/Mobile Documents/com~apple~CloudDocs/Developer/SwiftUI/Mustard/Services/Backend/SearchService.swift:73:43: error: cannot infer contextual base in reference to member 'unexpected'
            throw AppError.network(type: .unexpected, description: error.localizedDescription)
                                         ~^~~~~~~~~~
/Users/for_work/Library/Mobile Documents/com~apple~CloudDocs/Developer/SwiftUI/Mustard/Services/Backend/SearchService.swift:81:74: error: extra arguments at positions #2, #3, #4, #5 in call
            let posts = try await mastodonAPIService.fetchHashtagTimeline(
                                                                         ^
/Users/for_work/Library/Mobile Documents/com~apple~CloudDocs/Developer/SwiftUI/Mustard/Services/Backend/NetworkService/MastodonAPIService.swift:256:11: note: 'fetchHashtagTimeline(hashtag:)' declared here
     func fetchHashtagTimeline(hashtag: String) async throws -> [Post] {
          ^
/Users/for_work/Library/Mobile Documents/com~apple~CloudDocs/Developer/SwiftUI/Mustard/Services/Backend/SearchService.swift:95:28: error: type 'AppError' has no member 'network'
            throw AppError.network(type: .unexpected, description: error.localizedDescription)
                  ~~~~~~~~ ^~~~~~~
/Users/for_work/Library/Mobile Documents/com~apple~CloudDocs/Developer/SwiftUI/Mustard/Services/Backend/SearchService.swift:95:43: error: cannot infer contextual base in reference to member 'unexpected'
            throw AppError.network(type: .unexpected, description: error.localizedDescription)
                                         ~^~~~~~~~~~

/Users/for_work/Library/Mobile Documents/com~apple~CloudDocs/Developer/SwiftUI/Mustard/Services/Backend/SearchService.swift:48:17: Argument 'limit' must precede argument 'resolve'

/Users/for_work/Library/Mobile Documents/com~apple~CloudDocs/Developer/SwiftUI/Mustard/Services/Backend/SearchService.swift:57:28: Type 'AppError' has no member 'network'

/Users/for_work/Library/Mobile Documents/com~apple~CloudDocs/Developer/SwiftUI/Mustard/Services/Backend/SearchService.swift:57:43: Cannot infer contextual base in reference to member 'unexpected'

/Users/for_work/Library/Mobile Documents/com~apple~CloudDocs/Developer/SwiftUI/Mustard/Services/Backend/SearchService.swift:65:78: Argument passed to call that takes no arguments

/Users/for_work/Library/Mobile Documents/com~apple~CloudDocs/Developer/SwiftUI/Mustard/Services/Backend/SearchService.swift:73:28: Type 'AppError' has no member 'network'

/Users/for_work/Library/Mobile Documents/com~apple~CloudDocs/Developer/SwiftUI/Mustard/Services/Backend/SearchService.swift:73:43: Cannot infer contextual base in reference to member 'unexpected'

/Users/for_work/Library/Mobile Documents/com~apple~CloudDocs/Developer/SwiftUI/Mustard/Services/Backend/SearchService.swift:81:74: Extra arguments at positions #2, #3, #4, #5 in call

/Users/for_work/Library/Mobile Documents/com~apple~CloudDocs/Developer/SwiftUI/Mustard/Services/Backend/SearchService.swift:95:28: Type 'AppError' has no member 'network'

/Users/for_work/Library/Mobile Documents/com~apple~CloudDocs/Developer/SwiftUI/Mustard/Services/Backend/SearchService.swift:95:43: Cannot infer contextual base in reference to member 'unexpected'

SwiftCompile normal arm64 /Users/for_work/Library/Mobile\ Documents/com~apple~CloudDocs/Developer/SwiftUI/Mustard/Services/Backend/TimelineService.swift (in target 'Mustard' from project 'Mustard')
    cd /Users/for_work/Library/Mobile\ Documents/com\~apple\~CloudDocs/Developer/SwiftUI/Mustard
    

/Users/for_work/Library/Mobile Documents/com~apple~CloudDocs/Developer/SwiftUI/Mustard/Services/Backend/TimelineService.swift:68:50: warning: non-sendable result type '[Post]' cannot be sent from nonisolated context in call to instance method 'fetchHomeTimeline(maxId:minId:limit:)'; this is an error in the Swift 6 language mode
        let posts = try await mastodonAPIService.fetchHomeTimeline(maxId: maxId)
                                                 ^
Swift.Array:1:23: note: generic struct 'Array' does not conform to the 'Sendable' protocol
@frozen public struct Array<Element> : _DestructorSafeContainer {
                      ^
/Users/for_work/Library/Mobile Documents/com~apple~CloudDocs/Developer/SwiftUI/Mustard/Services/Backend/TimelineService.swift:82:50: warning: non-sendable result type '[Post]' cannot be sent from nonisolated context in call to instance method 'fetchTrendingStatuses()'; this is an error in the Swift 6 language mode
        let posts = try await mastodonAPIService.fetchTrendingStatuses()
                                                 ^
Swift.Array:1:23: note: generic struct 'Array' does not conform to the 'Sendable' protocol
@frozen public struct Array<Element> : _DestructorSafeContainer {
                      ^
/Users/for_work/Library/Mobile Documents/com~apple~CloudDocs/Developer/SwiftUI/Mustard/Services/Backend/TimelineService.swift:109:13: error: cannot assign to value: 'error' is immutable
            error = AppError(message: "Failed to refresh timeline", underlyingError: error)
            ^~~~~
/Users/for_work/Library/Mobile Documents/com~apple~CloudDocs/Developer/SwiftUI/Mustard/Services/Backend/TimelineService.swift:117:41: warning: non-sendable result type 'Post?' cannot be sent from nonisolated context in call to instance method 'toggleLike(postID:)'; this is an error in the Swift 6 language mode
        _ = try await postActionService.toggleLike(postID: post.id)
                                        ^
Swift.Optional:1:21: note: generic enum 'Optional' does not conform to the 'Sendable' protocol
@frozen public enum Optional<Wrapped> : ~Copyable where Wrapped : ~Copyable {
                    ^
/Users/for_work/Library/Mobile Documents/com~apple~CloudDocs/Developer/SwiftUI/Mustard/Services/Backend/TimelineService.swift:121:41: warning: non-sendable result type 'Post?' cannot be sent from nonisolated context in call to instance method 'toggleRepost(postID:)'; this is an error in the Swift 6 language mode
        _ = try await postActionService.toggleRepost(postID: post.id)
                                        ^
Swift.Optional:1:21: note: generic enum 'Optional' does not conform to the 'Sendable' protocol
@frozen public enum Optional<Wrapped> : ~Copyable where Wrapped : ~Copyable {
                    ^
/Users/for_work/Library/Mobile Documents/com~apple~CloudDocs/Developer/SwiftUI/Mustard/Services/Backend/TimelineService.swift:125:41: warning: non-sendable result type 'Post' cannot be sent from nonisolated context in call to instance method 'comment(postID:content:)'; this is an error in the Swift 6 language mode
        _ = try await postActionService.comment(postID: post.id, content: content)
                                        ^
/Users/for_work/Library/Mobile Documents/com~apple~CloudDocs/Developer/SwiftUI/Mustard/Models/Post.swift:47:13: note: class 'Post' does not conform to the 'Sendable' protocol
final class Post: Identifiable, Hashable, Codable, Equatable {
            ^

/Users/for_work/Library/Mobile Documents/com~apple~CloudDocs/Developer/SwiftUI/Mustard/Services/Backend/TimelineService.swift:109:13: Cannot assign to value: 'error' is immutable

SwiftCompile normal arm64 Compiling\ Config.swift,\ ServerModel.swift,\ InstanceModel.swift,\ HTMLUtils.swift,\ AccountRow.swift,\ CustomDivider.swift,\ Account.swift,\ TimelineContentView.swift /Users/for_work/Library/Mobile\ Documents/com~apple~CloudDocs/Developer/SwiftUI/Mustard/Models/Config.swift /Users/for_work/Library/Mobile\ Documents/com~apple~CloudDocs/Developer/SwiftUI/Mustard/Models/ServerModel.swift /Users/for_work/Library/Mobile\ Documents/com~apple~CloudDocs/Developer/SwiftUI/Mustard/Models/InstanceModel.swift /Users/for_work/Library/Mobile\ Documents/com~apple~CloudDocs/Developer/SwiftUI/Mustard/Utilities/HTMLUtils.swift /Users/for_work/Library/Mobile\ Documents/com~apple~CloudDocs/Developer/SwiftUI/Mustard/Utilities/AccountRow.swift /Users/for_work/Library/Mobile\ Documents/com~apple~CloudDocs/Developer/SwiftUI/Mustard/Utilities/CustomDivider.swift /Users/for_work/Library/Mobile\ Documents/com~apple~CloudDocs/Developer/SwiftUI/Mustard/Models/Account.swift /Users/for_work/Library/Mobile\ Documents/com~apple~CloudDocs/Developer/SwiftUI/Mustard/Views/CustomViews/TimelineContentView.swift (in target 'Mustard' from project 'Mustard')

Command SwiftCompile failed with a nonzero exit code

Command SwiftCompile failed with a nonzero exit code



Build failed    27/05/25, 9:36â€¯PM    2.3 seconds
